<?xml version="1.0" encoding="UTF-8"?>
<!-- Generated by org.testng.reporters.JUnitXMLReporter -->
<testsuite hostname="Daniels-MacBook-Pro.local" name="2nd batch test" tests="1" failures="0" timestamp="2 Jun 2018 06:36:48 GMT" time="1.802" errors="0">
  <testcase name="@BeforeTest beforeTest" time="0.0" classname="test.rsTest">
    <failure type="java.lang.AssertionError" message="incorrect one expected [202] but found [200]">
      <![CDATA[java.lang.AssertionError: incorrect one expected [202] but found [200]
	at test.rsTest.beforeTest(rsTest.java:52)
... Removed 27 stack frames]]>
    </failure>
  </testcase> <!-- @BeforeTest beforeTest -->
  <testcase name="@AfterTest afterTest" time="0.0" classname="test.rsTest">
    <skipped/>
  </testcase> <!-- @AfterTest afterTest -->
  <testcase name="rs1st" time="0.001" classname="test.rsTest">
    <skipped/>
  </testcase> <!-- rs1st -->
</testsuite> <!-- 2nd batch test -->
